<?xml version="1.0" encoding="utf-8"?><testsuites name="pytest tests"><testsuite name="pytest" errors="0" failures="0" skipped="0" tests="15" time="8.701" timestamp="2026-08-16T14:19:01.869214+00:00" hostname="agent-env-ab4f0bd5-45c8-4dfd-8979-e88f5112d903"><testcase classname="tests.test_commerce_ext" name="test_whatsapp_verify_valid_token_returns_challenge" time="0.152" /><testcase classname="tests.test_commerce_ext" name="test_whatsapp_verify_wrong_token_returns_403" time="0.105" /><testcase classname="tests.test_commerce_ext" name="test_whatsapp_simulator_hi_then_shop_then_add_pickup_confirm" time="0.981" /><testcase classname="tests.test_commerce_ext" name="test_cart_engine_full_flow_home_delivery_reserves_stock" time="0.777" /><testcase classname="tests.test_commerce_ext" name="test_cart_free_delivery_above_threshold" time="0.520" /><testcase classname="tests.test_commerce_ext" name="test_cart_tenant_isolation" time="0.789" /><testcase classname="tests.test_commerce_ext" name="test_payment_intent_stripe" time="1.122" /><testcase classname="tests.test_commerce_ext" name="test_payment_intent_razorpay_not_configured" time="0.531" /><testcase classname="tests.test_commerce_ext" name="test_payment_intent_cod" time="0.516" /><testcase classname="tests.test_commerce_ext" name="test_template_packs_list_has_4" time="0.431" /><testcase classname="tests.test_commerce_ext" name="test_apply_bakery_pack_to_abc_pharmacy_seeds_products" time="0.772" /><testcase classname="tests.test_commerce_ext" name="test_tenant_owner_cannot_call_admin_simulate" time="0.360" /><testcase classname="tests.test_commerce_ext" name="test_tenant_owner_cannot_apply_pack" time="0.369" /><testcase classname="tests.test_commerce_ext" name="test_master_admin_cannot_call_cart" time="0.381" /><testcase classname="tests.test_commerce_ext" name="test_master_admin_cannot_call_payments" time="0.360" /></testsuite></testsuites>