<?xml version="1.0" encoding="utf-8"?><testsuites name="pytest tests"><testsuite name="pytest" errors="0" failures="1" skipped="0" tests="14" time="6.804" timestamp="2026-08-16T13:43:10.120642+00:00" hostname="agent-env-ab4f0bd5-45c8-4dfd-8979-e88f5112d903"><testcase classname="tests.test_commerce_os" name="test_login_admin_and_me" time="0.496" /><testcase classname="tests.test_commerce_os" name="test_login_owner_tenant_derivation" time="0.316" /><testcase classname="tests.test_commerce_os" name="test_invalid_credentials" time="0.315" /><testcase classname="tests.test_commerce_os" name="test_admin_overview_has_tenants_and_metrics" time="0.329" /><testcase classname="tests.test_commerce_os" name="test_admin_tenants_list" time="0.341" /><testcase classname="tests.test_commerce_os" name="test_admin_templates_and_integrations_and_analytics_and_audit" time="0.549" /><testcase classname="tests.test_commerce_os" name="test_admin_create_tenant_wizard" time="0.584" /><testcase classname="tests.test_commerce_os" name="test_admin_tenant_config_actions" time="0.459" /><testcase classname="tests.test_commerce_os" name="test_workspace_overview_and_lists" time="0.624" /><testcase classname="tests.test_commerce_os" name="test_workspace_product_crud_cleanup" time="0.482" /><testcase classname="tests.test_commerce_os" name="test_workspace_order_advance_and_note" time="0.400"><failure message="AssertionError: {&quot;detail&quot;:[{&quot;type&quot;:&quot;missing&quot;,&quot;loc&quot;:[&quot;body&quot;,&quot;note&quot;],&quot;msg&quot;:&quot;Field required&quot;,&quot;input&quot;:{&quot;text&quot;:&quot;TEST note&quot;},&quot;url&quot;:&quot;https://errors.pydantic.dev/2.13/v/missing&quot;}]}&#10;assert 422 in (200, 201)&#10; +  where 422 = &lt;Response [422]&gt;.status_code">backend/tests/test_commerce_os.py:138: in test_workspace_order_advance_and_note
    assert note.status_code in (200, 201), note.text
E   AssertionError: {"detail":[{"type":"missing","loc":["body","note"],"msg":"Field required","input":{"text":"TEST note"},"url":"https://errors.pydantic.dev/2.13/v/missing"}]}
E   assert 422 in (200, 201)
E    +  where 422 = &lt;Response [422]&gt;.status_code</failure></testcase><testcase classname="tests.test_commerce_os" name="test_owner_cannot_access_admin_endpoints" time="0.591" /><testcase classname="tests.test_commerce_os" name="test_admin_cannot_access_workspace_endpoints" time="0.397" /><testcase classname="tests.test_commerce_os" name="test_logout_clears_session" time="0.384" /></testsuite></testsuites>