<?xml version="1.0" encoding="utf-8"?><testsuites name="pytest tests"><testsuite name="pytest" errors="0" failures="0" skipped="0" tests="7" time="3.985" timestamp="2026-08-16T14:36:03.744186+00:00" hostname="agent-env-ab4f0bd5-45c8-4dfd-8979-e88f5112d903"><testcase classname="tests.test_iteration5" name="test_simulator_flow_ends_with_stripe_payment_link" time="1.386" /><testcase classname="tests.test_iteration5" name="test_order_has_payment_link_and_intent" time="0.398" /><testcase classname="tests.test_iteration5" name="test_save_meta_creds_returns_ok" time="0.042" /><testcase classname="tests.test_iteration5" name="test_tenant_glow_reflects_creds_without_leaking_token" time="0.030" /><testcase classname="tests.test_iteration5" name="test_onboarding_doc_fresh_mart" time="0.034" /><testcase classname="tests.test_iteration5" name="test_glow_cannot_access_fresh_payment_intent" time="0.398" /><testcase classname="tests.test_iteration5" name="test_fresh_owner_can_access_own_intent" time="0.652" /></testsuite></testsuites>