<?xml version="1.0" encoding="utf-8"?><testsuites name="pytest tests"><testsuite name="pytest" errors="0" failures="0" skipped="1" tests="11" time="3.565" timestamp="2026-08-16T14:57:26.650167+00:00" hostname="agent-env-ab4f0bd5-45c8-4dfd-8979-e88f5112d903"><testcase classname="tests.test_iteration6" name="test_collected_generates_invoice" time="0.698" /><testcase classname="tests.test_iteration6" name="test_public_invoice_signed" time="0.098" /><testcase classname="tests.test_iteration6" name="test_public_invoice_bad_signature" time="0.073" /><testcase classname="tests.test_iteration6" name="test_delivered_generates_invoice" time="0.203" /><testcase classname="tests.test_iteration6" name="test_status_notifications_logged" time="0.029" /><testcase classname="tests.test_iteration6" name="test_intermediate_statuses_no_invoice" time="0.032"><skipped type="pytest.skip" message="FM-10243 not NEW (was PICKING)">/app/backend/tests/test_iteration6.py:123: FM-10243 not NEW (was PICKING)</skipped></testcase><testcase classname="tests.test_iteration6" name="test_invoice_tenant_isolation" time="0.395" /><testcase classname="tests.test_iteration6" name="test_abandoned_scan_nudges" time="0.608" /><testcase classname="tests.test_iteration6" name="test_abandoned_scan_idempotent" time="0.118" /><testcase classname="tests.test_iteration6" name="test_regression_smoke" time="0.242" /><testcase classname="tests.test_iteration6" name="test_cleanup" time="0.010" /></testsuite></testsuites>