<?xml version="1.0" encoding="utf-8"?><testsuites name="pytest tests"><testsuite name="pytest" errors="0" failures="0" skipped="0" tests="4" time="2.378" timestamp="2026-08-15T19:25:05.825009+00:00" hostname="agent-env-ab4f0bd5-45c8-4dfd-8979-e88f5112d903"><testcase classname="tests.test_role_isolation" name="test_master_admin_scope_and_cookie" time="0.505" /><testcase classname="tests.test_role_isolation" name="test_owner_scope_and_tenant_derivation" time="0.450" /><testcase classname="tests.test_role_isolation" name="test_owner_product_and_order_operations" time="0.511" /><testcase classname="tests.test_role_isolation" name="test_logout_clears_session" time="0.400" /></testsuite></testsuites>